[I 2026-02-15 07:37:26,353] Trial 9 finished with value: 0.5585239343345165 and parameters: {'learning_rate': 0.00026176655097040057, 'weight_decay': 0.0004176805377655882, 'dropout': 0.22654775061557586, 'class_weight_benign': 1.8919657248382904, 'scheduler_patience': 2, 'scheduler_factor': 0.2975990992289793}. Best is trial 2 with value: 0.5008929428808829.

============================================================
SAVING RESULTS
============================================================

Best hyperparameters saved to: ./optuna_results/best_hyperparameters.json
All trials saved to: ./optuna_results/all_trials.csv

Generating visualizations...
  - Optimization history saved
  - Parameter importances saved
  - Parallel coordinate plot saved
  - Slice plot saved
  - Contour plot saved

============================================================
OPTIMIZATION SUMMARY
============================================================
Number of trials: 10
Number of pruned trials: 0
Number of complete trials: 10

Best trial: 2
Best validation loss: 0.5009
Best validation accuracy: 0.7059

Best hyperparameters:
  learning_rate: 3.82e-04
  weight_decay: 8.15e-05
  dropout: 0.2545
  class_weight_benign: 1.8668
  scheduler_patience: 3
  scheduler_factor: 0.3574

================================================================================
OPTIMIZATION COMPLETED SUCCESSFULLY
================================================================================
Results saved to: ./optuna_results
View visualizations by opening the HTML files in: ./optuna_results
